Build started 1/16/2024 2:25:44 PM.
     1>Project "C:\Users\tbran\Desktop\mrkirm_last\POP3-Implemenatation\POP3ServerCppUnit\POP3ServerCppUnit\POP3ServerCppUnit.vcxproj" on node 2 (build target(s)).
     1>InitializeBuildStatus:
         Creating "Debug\POP3ServerCppUnit.unsuccessfulbuild" because "AlwaysCreate" was specified.
       ClCompile:
         C:\Program Files (x86)\Microsoft Visual Studio 10.0\VC\bin\CL.exe /c /I..\CppUnit_1.12.1\include /I..\Kernel /ZI /nologo /W0 /WX- /Od /Oy- /D WIN32 /D _DEBUG /D _CONSOLE /D _UNICODE /D UNICODE /Gm /EHsc /RTC1 /MDd /GS /fp:precise /Zc:wchar_t /Zc:forScope /Fo"Debug\\" /Fd"Debug\vc100.pdb" /Gd /TP /analyze- /errorReport:prompt helperFunctionsServer.cpp
         helperFunctionsServer.cpp
         All outputs are up-to-date.
       ManifestResourceCompile:
         All outputs are up-to-date.
       Link:
         C:\Program Files (x86)\Microsoft Visual Studio 10.0\VC\bin\link.exe /ERRORREPORT:PROMPT /OUT:"C:\Users\tbran\Desktop\mrkirm_last\POP3-Implemenatation\POP3ServerCppUnit\Debug\POP3ServerCppUnit.exe" /INCREMENTAL /NOLOGO /LIBPATH:..\Kernel /LIBPATH:..\CppUnit_1.12.1\lib winmm.lib ws2_32.lib cppunitd.lib kernel32.lib user32.lib gdi32.lib winspool.lib comdlg32.lib advapi32.lib shell32.lib ole32.lib oleaut32.lib uuid.lib odbc32.lib odbccp32.lib /MANIFEST /ManifestFile:"Debug\POP3ServerCppUnit.exe.intermediate.manifest" /MANIFESTUAC:"level='asInvoker' uiAccess='false'" /DEBUG /PDB:"C:\Users\tbran\Desktop\mrkirm_last\POP3-Implemenatation\POP3ServerCppUnit\Debug\POP3ServerCppUnit.pdb" /SUBSYSTEM:CONSOLE /TLBID:1 /DYNAMICBASE /NXCOMPAT /IMPLIB:"C:\Users\tbran\Desktop\mrkirm_last\POP3-Implemenatation\POP3ServerCppUnit\Debug\POP3ServerCppUnit.lib" /MACHINE:X86 Debug\POP3ServerCppUnit.exe.embed.manifest.res
         Debug\buffers.obj
         Debug\buffersQueue.obj
         Debug\Client.obj
         Debug\Client_DTP.obj
         Debug\Distribution.obj
         Debug\errorObject.obj
         Debug\fsm.obj
         Debug\fsmSystem.obj
         Debug\kernelAPI.obj
         Debug\KernelFunctions.obj
         Debug\linuxFunctions.obj
         Debug\logAutomate.obj
         Debug\LogFile.obj
         Debug\mailbox.obj
         Debug\messages.obj
         Debug\msgInterface.obj
         Debug\NetFSM.obj
         Debug\postOffice.obj
         Debug\standardMsg.obj
         Debug\stdMsgpc16pl16.obj
         Debug\systemFunctions.obj
         Debug\systemTCP.obj
         Debug\thread.obj
         Debug\timer.obj
         Debug\TransportInterface.obj
         Debug\UdpFSM.obj
         Debug\UdpLogInterface.obj
         Debug\conversion.obj
         Debug\MailboxDatabase.obj
         Debug\UserDatabase.obj
         Debug\helperFunctionsServer.obj
         Debug\main.obj
         Debug\ServerAuto.obj
         Debug\sqlite3.obj
       Manifest:
         C:\Program Files (x86)\Microsoft SDKs\Windows\v7.0A\bin\mt.exe /nologo /verbose /out:"Debug\POP3ServerCppUnit.exe.embed.manifest" /manifest Debug\POP3ServerCppUnit.exe.intermediate.manifest
         All outputs are up-to-date.
       LinkEmbedManifest:
         All outputs are up-to-date.
         POP3ServerCppUnit.vcxproj -> C:\Users\tbran\Desktop\mrkirm_last\POP3-Implemenatation\POP3ServerCppUnit\Debug\POP3ServerCppUnit.exe
       FinalizeBuildStatus:
         Deleting file "Debug\POP3ServerCppUnit.unsuccessfulbuild".
         Touching "Debug\POP3ServerCppUnit.lastbuildstate".
     1>Done Building Project "C:\Users\tbran\Desktop\mrkirm_last\POP3-Implemenatation\POP3ServerCppUnit\POP3ServerCppUnit\POP3ServerCppUnit.vcxproj" (build target(s)).

Build succeeded.

Time Elapsed 00:00:01.78
